  main.cpp
C:\Program Files (x86)\Microsoft Visual Studio\2017\Enterprise\VC\Tools\MSVC\14.12.25827\include\xlocale(313): warning C4530: Gestionnaire d'exceptions C++ utilisé, mais les sémantiques de déroulement n'ont pas été activées. Spécifiez /EHsc
C:\Users\sulia\Documents\Cours\ENJMIN\PROG\Synthese_Image\yoctons\yocto_noshaders\src\engine/engine.h(261): warning C4018: '<' : incompatibilité signed/unsigned
c:\users\sulia\documents\cours\enjmin\prog\synthese_image\yoctons\yocto_noshaders\minicraft\src\engine_minicraft.h(105): warning C4305: 'argument' : troncation de 'double' à 'float'
LINK : warning LNK4098: conflit entre la bibliothèque par défaut 'LIBCMT' et les autres bibliothèques ; utilisez /NODEFAULTLIB:library
  Génération de code en cours
  0 of 973 functions ( 0.0%) were compiled, the rest were copied from previous compilation.
    0 functions were new in current compilation
    0 functions had inline decision re-evaluated but remain unchanged
  Fin de la génération du code
libpng16.lib(pngread.obj) : warning LNK4099: PDB 'libpng.pdb' n'a pu être trouvé avec 'libpng16.lib(pngread.obj)' ou sur 'C:\Users\sulia\Documents\Cours\ENJMIN\PROG\Synthese_Image\yoctons\yocto_noshaders\Release\libpng.pdb' ; l'objet sera lié sans informations de débogage
libpng16.lib(png.obj) : warning LNK4099: PDB 'libpng.pdb' n'a pu être trouvé avec 'libpng16.lib(png.obj)' ou sur 'C:\Users\sulia\Documents\Cours\ENJMIN\PROG\Synthese_Image\yoctons\yocto_noshaders\Release\libpng.pdb' ; l'objet sera lié sans informations de débogage
libpng16.lib(pngrio.obj) : warning LNK4099: PDB 'libpng.pdb' n'a pu être trouvé avec 'libpng16.lib(pngrio.obj)' ou sur 'C:\Users\sulia\Documents\Cours\ENJMIN\PROG\Synthese_Image\yoctons\yocto_noshaders\Release\libpng.pdb' ; l'objet sera lié sans informations de débogage
libpng16.lib(pngrutil.obj) : warning LNK4099: PDB 'libpng.pdb' n'a pu être trouvé avec 'libpng16.lib(pngrutil.obj)' ou sur 'C:\Users\sulia\Documents\Cours\ENJMIN\PROG\Synthese_Image\yoctons\yocto_noshaders\Release\libpng.pdb' ; l'objet sera lié sans informations de débogage
libpng16.lib(pngerror.obj) : warning LNK4099: PDB 'libpng.pdb' n'a pu être trouvé avec 'libpng16.lib(pngerror.obj)' ou sur 'C:\Users\sulia\Documents\Cours\ENJMIN\PROG\Synthese_Image\yoctons\yocto_noshaders\Release\libpng.pdb' ; l'objet sera lié sans informations de débogage
libpng16.lib(pngrtran.obj) : warning LNK4099: PDB 'libpng.pdb' n'a pu être trouvé avec 'libpng16.lib(pngrtran.obj)' ou sur 'C:\Users\sulia\Documents\Cours\ENJMIN\PROG\Synthese_Image\yoctons\yocto_noshaders\Release\libpng.pdb' ; l'objet sera lié sans informations de débogage
libpng16.lib(pngtrans.obj) : warning LNK4099: PDB 'libpng.pdb' n'a pu être trouvé avec 'libpng16.lib(pngtrans.obj)' ou sur 'C:\Users\sulia\Documents\Cours\ENJMIN\PROG\Synthese_Image\yoctons\yocto_noshaders\Release\libpng.pdb' ; l'objet sera lié sans informations de débogage
libpng16.lib(pngmem.obj) : warning LNK4099: PDB 'libpng.pdb' n'a pu être trouvé avec 'libpng16.lib(pngmem.obj)' ou sur 'C:\Users\sulia\Documents\Cours\ENJMIN\PROG\Synthese_Image\yoctons\yocto_noshaders\Release\libpng.pdb' ; l'objet sera lié sans informations de débogage
libpng16.lib(pngset.obj) : warning LNK4099: PDB 'libpng.pdb' n'a pu être trouvé avec 'libpng16.lib(pngset.obj)' ou sur 'C:\Users\sulia\Documents\Cours\ENJMIN\PROG\Synthese_Image\yoctons\yocto_noshaders\Release\libpng.pdb' ; l'objet sera lié sans informations de débogage
libpng16.lib(pngget.obj) : warning LNK4099: PDB 'libpng.pdb' n'a pu être trouvé avec 'libpng16.lib(pngget.obj)' ou sur 'C:\Users\sulia\Documents\Cours\ENJMIN\PROG\Synthese_Image\yoctons\yocto_noshaders\Release\libpng.pdb' ; l'objet sera lié sans informations de débogage
libpng16.lib(pngwrite.obj) : warning LNK4099: PDB 'libpng.pdb' n'a pu être trouvé avec 'libpng16.lib(pngwrite.obj)' ou sur 'C:\Users\sulia\Documents\Cours\ENJMIN\PROG\Synthese_Image\yoctons\yocto_noshaders\Release\libpng.pdb' ; l'objet sera lié sans informations de débogage
libpng16.lib(pngwutil.obj) : warning LNK4099: PDB 'libpng.pdb' n'a pu être trouvé avec 'libpng16.lib(pngwutil.obj)' ou sur 'C:\Users\sulia\Documents\Cours\ENJMIN\PROG\Synthese_Image\yoctons\yocto_noshaders\Release\libpng.pdb' ; l'objet sera lié sans informations de débogage
libpng16.lib(pngwio.obj) : warning LNK4099: PDB 'libpng.pdb' n'a pu être trouvé avec 'libpng16.lib(pngwio.obj)' ou sur 'C:\Users\sulia\Documents\Cours\ENJMIN\PROG\Synthese_Image\yoctons\yocto_noshaders\Release\libpng.pdb' ; l'objet sera lié sans informations de débogage
libpng16.lib(pngwtran.obj) : warning LNK4099: PDB 'libpng.pdb' n'a pu être trouvé avec 'libpng16.lib(pngwtran.obj)' ou sur 'C:\Users\sulia\Documents\Cours\ENJMIN\PROG\Synthese_Image\yoctons\yocto_noshaders\Release\libpng.pdb' ; l'objet sera lié sans informations de débogage
zlib.lib(inflate.obj) : warning LNK4099: PDB 'zlib.pdb' n'a pu être trouvé avec 'zlib.lib(inflate.obj)' ou sur 'C:\Users\sulia\Documents\Cours\ENJMIN\PROG\Synthese_Image\yoctons\yocto_noshaders\Release\zlib.pdb' ; l'objet sera lié sans informations de débogage
zlib.lib(adler32.obj) : warning LNK4099: PDB 'zlib.pdb' n'a pu être trouvé avec 'zlib.lib(adler32.obj)' ou sur 'C:\Users\sulia\Documents\Cours\ENJMIN\PROG\Synthese_Image\yoctons\yocto_noshaders\Release\zlib.pdb' ; l'objet sera lié sans informations de débogage
zlib.lib(crc32.obj) : warning LNK4099: PDB 'zlib.pdb' n'a pu être trouvé avec 'zlib.lib(crc32.obj)' ou sur 'C:\Users\sulia\Documents\Cours\ENJMIN\PROG\Synthese_Image\yoctons\yocto_noshaders\Release\zlib.pdb' ; l'objet sera lié sans informations de débogage
zlib.lib(deflate.obj) : warning LNK4099: PDB 'zlib.pdb' n'a pu être trouvé avec 'zlib.lib(deflate.obj)' ou sur 'C:\Users\sulia\Documents\Cours\ENJMIN\PROG\Synthese_Image\yoctons\yocto_noshaders\Release\zlib.pdb' ; l'objet sera lié sans informations de débogage
zlib.lib(inftrees.obj) : warning LNK4099: PDB 'zlib.pdb' n'a pu être trouvé avec 'zlib.lib(inftrees.obj)' ou sur 'C:\Users\sulia\Documents\Cours\ENJMIN\PROG\Synthese_Image\yoctons\yocto_noshaders\Release\zlib.pdb' ; l'objet sera lié sans informations de débogage
zlib.lib(inffast.obj) : warning LNK4099: PDB 'zlib.pdb' n'a pu être trouvé avec 'zlib.lib(inffast.obj)' ou sur 'C:\Users\sulia\Documents\Cours\ENJMIN\PROG\Synthese_Image\yoctons\yocto_noshaders\Release\zlib.pdb' ; l'objet sera lié sans informations de débogage
zlib.lib(zutil.obj) : warning LNK4099: PDB 'zlib.pdb' n'a pu être trouvé avec 'zlib.lib(zutil.obj)' ou sur 'C:\Users\sulia\Documents\Cours\ENJMIN\PROG\Synthese_Image\yoctons\yocto_noshaders\Release\zlib.pdb' ; l'objet sera lié sans informations de débogage
zlib.lib(trees.obj) : warning LNK4099: PDB 'zlib.pdb' n'a pu être trouvé avec 'zlib.lib(trees.obj)' ou sur 'C:\Users\sulia\Documents\Cours\ENJMIN\PROG\Synthese_Image\yoctons\yocto_noshaders\Release\zlib.pdb' ; l'objet sera lié sans informations de débogage
  minicraft.vcxproj -> C:\Users\sulia\Documents\Cours\ENJMIN\PROG\Synthese_Image\yoctons\yocto_noshaders\Release\minicraft.exe
